Determining if the pthread_create exist failed with the following output:
Change Dir: /home/s03/swk/temporal-segment-networks/lib/caffe-action/build/CMakeFiles/CMakeTmp

Run Build Command:"/usr/bin/make" "cmTC_bb5f5/fast"
/usr/bin/make -f CMakeFiles/cmTC_bb5f5.dir/build.make CMakeFiles/cmTC_bb5f5.dir/build
make[1]: Entering directory '/home/s03/swk/temporal-segment-networks/lib/caffe-action/build/CMakeFiles/CMakeTmp'
Building C object CMakeFiles/cmTC_bb5f5.dir/CheckSymbolExists.c.o
/usr/bin/cc     -o CMakeFiles/cmTC_bb5f5.dir/CheckSymbolExists.c.o   -c /home/s03/swk/temporal-segment-networks/lib/caffe-action/build/CMakeFiles/CMakeTmp/CheckSymbolExists.c
Linking C executable cmTC_bb5f5
/usr/bin/cmake -E cmake_link_script CMakeFiles/cmTC_bb5f5.dir/link.txt --verbose=1
/usr/bin/cc       CMakeFiles/cmTC_bb5f5.dir/CheckSymbolExists.c.o  -o cmTC_bb5f5 -rdynamic 
CMakeFiles/cmTC_bb5f5.dir/CheckSymbolExists.c.o：在函数‘main’中：
CheckSymbolExists.c:(.text+0x1b)：对‘pthread_create’未定义的引用
collect2: error: ld returned 1 exit status
CMakeFiles/cmTC_bb5f5.dir/build.make:97: recipe for target 'cmTC_bb5f5' failed
make[1]: *** [cmTC_bb5f5] Error 1
make[1]: Leaving directory '/home/s03/swk/temporal-segment-networks/lib/caffe-action/build/CMakeFiles/CMakeTmp'
Makefile:126: recipe for target 'cmTC_bb5f5/fast' failed
make: *** [cmTC_bb5f5/fast] Error 2

File /home/s03/swk/temporal-segment-networks/lib/caffe-action/build/CMakeFiles/CMakeTmp/CheckSymbolExists.c:
/* */
#include <pthread.h>

int main(int argc, char** argv)
{
  (void)argv;
#ifndef pthread_create
  return ((int*)(&pthread_create))[argc];
#else
  (void)argc;
  return 0;
#endif
}

Determining if the function pthread_create exists in the pthreads failed with the following output:
Change Dir: /home/s03/swk/temporal-segment-networks/lib/caffe-action/build/CMakeFiles/CMakeTmp

Run Build Command:"/usr/bin/make" "cmTC_87c8a/fast"
/usr/bin/make -f CMakeFiles/cmTC_87c8a.dir/build.make CMakeFiles/cmTC_87c8a.dir/build
make[1]: Entering directory '/home/s03/swk/temporal-segment-networks/lib/caffe-action/build/CMakeFiles/CMakeTmp'
Building C object CMakeFiles/cmTC_87c8a.dir/CheckFunctionExists.c.o
/usr/bin/cc    -DCHECK_FUNCTION_EXISTS=pthread_create   -o CMakeFiles/cmTC_87c8a.dir/CheckFunctionExists.c.o   -c /usr/share/cmake-3.5/Modules/CheckFunctionExists.c
Linking C executable cmTC_87c8a
/usr/bin/cmake -E cmake_link_script CMakeFiles/cmTC_87c8a.dir/link.txt --verbose=1
/usr/bin/cc   -DCHECK_FUNCTION_EXISTS=pthread_create    CMakeFiles/cmTC_87c8a.dir/CheckFunctionExists.c.o  -o cmTC_87c8a -rdynamic -lpthreads 
/usr/bin/ld: 找不到 -lpthreads
collect2: error: ld returned 1 exit status
CMakeFiles/cmTC_87c8a.dir/build.make:97: recipe for target 'cmTC_87c8a' failed
make[1]: *** [cmTC_87c8a] Error 1
make[1]: Leaving directory '/home/s03/swk/temporal-segment-networks/lib/caffe-action/build/CMakeFiles/CMakeTmp'
Makefile:126: recipe for target 'cmTC_87c8a/fast' failed
make: *** [cmTC_87c8a/fast] Error 2


